<?xml version="1.0" encoding="UTF-8"?>
<!-- Generated by org.testng.reporters.JUnitReportReporter -->
<testsuite hostname="LAPTOP-N9A0POGR" failures="0" tests="1" name="test.LoginLogoutFunction" time="4.906" errors="0" timestamp="2023-10-11T22:16:06 EDT" skipped="0">
  <testcase classname="test.LoginLogoutFunction" name="loginTest" time="4.906"/>
</testsuite> <!-- test.LoginLogoutFunction -->
